android-app/app/build/outputs/mapping/release/mapping.txt
# compiler: R8
# compiler_version: 8.7.18
# min_api: 24
# common_typos_disable
# {"id":"com.android.tools.r8.mapping","version":"2.2"}
# pg_map_id: da4fb80
# pg_map_hash: SHA-256 da4fb80c088cd165e45592dca41cd9e2a39762133cd9cff3fa27479e8e7d52d7
com.daniewatch.app.MainActivity -> com.daniewatch.app.MainActivity:
# {"id":"sourceFile","fileName":"MainActivity.java"}
    android.webkit.WebView mainWebView -> a
    com.daniewatch.app.VCloudExtractor vcloudExtractor -> b
      # {"id":"com.android.tools.r8.residualsignature","signature":"La/l;"}
    1:4:void <init>():40:40 -> <init>
    1:10:void onBackPressed():302:302 -> onBackPressed
    11:16:void onBackPressed():303:303 -> onBackPressed
    17:20:void onBackPressed():305:305 -> onBackPressed
    1:1:void onCreate(android.os.Bundle):49:49 -> onCreate
    2:7:void onCreate(android.os.Bundle):52:57 -> onCreate
    8:9:void onCreate(android.os.Bundle):62:63 -> onCreate
    10:10:void onCreate(android.os.Bundle):66:66 -> onCreate
    11:23:void configureWebView(android.webkit.WebView):176:188 -> onCreate
    11:23:void onCreate(android.os.Bundle):67 -> onCreate
    24:25:void configureWebView(android.webkit.WebView):191:192 -> onCreate
    24:25:void onCreate(android.os.Bundle):67 -> onCreate
    26:28:void onCreate(android.os.Bundle):70:72 -> onCreate
    29:29:void onCreate(android.os.Bundle):75:75 -> onCreate
    30:31:void com.daniewatch.app.VCloudExtractor.<init>():41:42 -> onCreate
    30:31:void onCreate(android.os.Bundle):75 -> onCreate
    32:32:void onCreate(android.os.Bundle):75:75 -> onCreate
    33:33:void onCreate(android.os.Bundle):78:78 -> onCreate
    34:34:void onCreate(android.os.Bundle):81:81 -> onCreate
com.daniewatch.app.MainActivity$$ExternalSyntheticApiModelOutline0 -> a.a:
# {"id":"sourceFile","fileName":"R8$$SyntheticClass"}
# {"id":"com.android.tools.r8.synthesized"}
    1:1:void a.MainActivity$$ExternalSyntheticApiModelOutline0.m(android.view.WindowManager$LayoutParams):0:0 -> a
      # {"id":"com.android.tools.r8.synthesized"}
com.daniewatch.app.MainActivity$1 -> a.b:
# {"id":"sourceFile","fileName":"MainActivity.java"}
    com.daniewatch.app.MainActivity this$0 -> a
    1:6:void <init>(com.daniewatch.app.MainActivity):81:81 -> <init>
    1:3:void onPageFinished(android.webkit.WebView,java.lang.String):143:143 -> onPageFinished
    4:10:void onPageFinished(android.webkit.WebView,java.lang.String):145:145 -> onPageFinished
    1:4:void onPageStarted(android.webkit.WebView,java.lang.String,android.graphics.Bitmap):138:138 -> onPageStarted
    1:2:boolean shouldOverrideUrlLoading(android.webkit.WebView,android.webkit.WebResourceRequest):84:85 -> shouldOverrideUrlLoading
    3:6:boolean shouldOverrideUrlLoading(android.webkit.WebView,android.webkit.WebResourceRequest):88:91 -> shouldOverrideUrlLoading
    7:7:boolean shouldOverrideUrlLoading(android.webkit.WebView,android.webkit.WebResourceRequest):105:105 -> shouldOverrideUrlLoading
    8:10:boolean shouldOverrideUrlLoading(android.webkit.WebView,android.webkit.WebResourceRequest):107:109 -> shouldOverrideUrlLoading
    11:15:boolean shouldOverrideUrlLoading(android.webkit.WebView,android.webkit.WebResourceRequest):118:122 -> shouldOverrideUrlLoading
    16:17:boolean shouldOverrideUrlLoading(android.webkit.WebView,android.webkit.WebResourceRequest):128:129 -> shouldOverrideUrlLoading
    18:19:boolean shouldOverrideUrlLoading(android.webkit.WebView,android.webkit.WebResourceRequest):94:95 -> shouldOverrideUrlLoading
com.daniewatch.app.MainActivity$2 -> a.c:
# {"id":"sourceFile","fileName":"MainActivity.java"}
    com.daniewatch.app.MainActivity this$0 -> a
    1:6:void <init>(com.daniewatch.app.MainActivity):156:156 -> <init>
    1:1:void onDownloadStart(java.lang.String,java.lang.String,java.lang.String,java.lang.String,long):160:160 -> onDownloadStart